19:34:51.518 default [restartedMain] INFO  o.s.b.d.e.DevToolsPropertyDefaultsPostProcessor - Devtools property defaults active! Set 'spring.devtools.add-properties' to 'false' to disable
19:34:51.519 default [restartedMain] INFO  o.s.b.d.e.DevToolsPropertyDefaultsPostProcessor - For additional web related logging consider setting the 'logging.level.web' property to 'DEBUG'
19:34:53.818 default [restartedMain] INFO  o.s.c.s.PostProcessorRegistrationDelegate$BeanPostProcessorChecker - Bean 'org.springframework.transaction.annotation.ProxyTransactionManagementConfiguration' of type [org.springframework.transaction.annotation.ProxyTransactionManagementConfiguration$$EnhancerBySpringCGLIB$$871bc343] is not eligible for getting processed by all BeanPostProcessors (for example: not eligible for auto-proxying)
19:34:54.479 default [restartedMain] INFO  o.s.b.w.e.tomcat.TomcatWebServer - Tomcat initialized with port(s): 8080 (http)
19:34:54.504 default [restartedMain] INFO  o.a.coyote.http11.Http11NioProtocol - Initializing ProtocolHandler ["http-nio-8080"]
19:34:54.521 default [restartedMain] INFO  o.a.catalina.core.StandardService - Starting service [Tomcat]
19:34:54.522 default [restartedMain] INFO  o.a.catalina.core.StandardEngine - Starting Servlet engine: [Apache Tomcat/9.0.19]
19:34:54.634 default [restartedMain] INFO  o.a.c.c.C.[.[localhost].[/molablog] - Initializing Spring embedded WebApplicationContext
19:34:54.635 default [restartedMain] INFO  o.s.web.context.ContextLoader - Root WebApplicationContext: initialization completed in 3116 ms
19:34:56.142 default [restartedMain] INFO  o.s.s.c.ThreadPoolTaskExecutor - Initializing ExecutorService 'applicationTaskExecutor'
19:34:56.371 default [restartedMain] WARN  o.t.templatemode.TemplateMode - [THYMELEAF][restartedMain] Template Mode 'LEGACYHTML5' is deprecated. Using Template Mode 'HTML' instead.
19:34:57.144 default [restartedMain] INFO  o.s.b.d.a.OptionalLiveReloadServer - LiveReload server is running on port 35729
19:34:57.216 default [restartedMain] INFO  o.a.coyote.http11.Http11NioProtocol - Starting ProtocolHandler ["http-nio-8080"]
19:34:57.237 default [restartedMain] INFO  o.s.b.w.e.tomcat.TomcatWebServer - Tomcat started on port(s): 8080 (http) with context path '/molablog'
19:34:57.362 default [restartedMain] INFO  o.s.b.w.e.tomcat.TomcatWebServer - Tomcat initialized with port(s): 9001 (http)
19:34:57.363 default [restartedMain] INFO  o.a.coyote.http11.Http11NioProtocol - Initializing ProtocolHandler ["http-nio-127.0.0.1-9001"]
19:34:57.364 default [restartedMain] INFO  o.a.catalina.core.StandardService - Starting service [Tomcat]
19:34:57.365 default [restartedMain] INFO  o.a.catalina.core.StandardEngine - Starting Servlet engine: [Apache Tomcat/9.0.19]
19:34:57.375 default [restartedMain] INFO  o.a.c.c.C.[Tomcat-1].[localhost].[/] - Initializing Spring embedded WebApplicationContext
19:34:57.376 default [restartedMain] INFO  o.s.web.context.ContextLoader - Root WebApplicationContext: initialization completed in 133 ms
19:34:57.424 default [restartedMain] INFO  o.s.b.a.e.web.EndpointLinksResolver - Exposing 16 endpoint(s) beneath base path '/actuator'
19:34:57.511 default [restartedMain] INFO  o.a.coyote.http11.Http11NioProtocol - Starting ProtocolHandler ["http-nio-127.0.0.1-9001"]
19:34:57.515 default [restartedMain] INFO  o.s.b.w.e.tomcat.TomcatWebServer - Tomcat started on port(s): 9001 (http) with context path ''
19:34:58.934 default [RMI TCP Connection(5)-127.0.0.1] INFO  o.a.c.c.C.[.[localhost].[/molablog] - Initializing Spring DispatcherServlet 'dispatcherServlet'
19:34:58.935 default [RMI TCP Connection(5)-127.0.0.1] INFO  o.s.web.servlet.DispatcherServlet - Initializing Servlet 'dispatcherServlet'
19:34:58.963 default [RMI TCP Connection(5)-127.0.0.1] INFO  o.s.web.servlet.DispatcherServlet - Completed initialization in 27 ms
19:34:59.357 default [RMI TCP Connection(4)-127.0.0.1] INFO  c.alibaba.druid.pool.DruidDataSource - {dataSource-1} inited
19:37:56.915 default [Thread-21] INFO  o.s.s.c.ThreadPoolTaskExecutor - Shutting down ExecutorService 'applicationTaskExecutor'
19:37:56.921 default [Thread-21] INFO  c.alibaba.druid.pool.DruidDataSource - {dataSource-1} closed
19:37:58.771 default [restartedMain] INFO  o.s.c.s.PostProcessorRegistrationDelegate$BeanPostProcessorChecker - Bean 'org.springframework.transaction.annotation.ProxyTransactionManagementConfiguration' of type [org.springframework.transaction.annotation.ProxyTransactionManagementConfiguration$$EnhancerBySpringCGLIB$$871bc343] is not eligible for getting processed by all BeanPostProcessors (for example: not eligible for auto-proxying)
19:37:59.070 default [restartedMain] INFO  o.s.b.w.e.tomcat.TomcatWebServer - Tomcat initialized with port(s): 8080 (http)
19:37:59.080 default [restartedMain] INFO  o.a.coyote.http11.Http11NioProtocol - Initializing ProtocolHandler ["http-nio-8080"]
19:37:59.086 default [restartedMain] INFO  o.a.catalina.core.StandardService - Starting service [Tomcat]
19:37:59.087 default [restartedMain] INFO  o.a.catalina.core.StandardEngine - Starting Servlet engine: [Apache Tomcat/9.0.19]
19:37:59.135 default [restartedMain] INFO  o.a.c.c.C.[.[localhost].[/molablog] - Initializing Spring embedded WebApplicationContext
19:37:59.136 default [restartedMain] INFO  o.s.web.context.ContextLoader - Root WebApplicationContext: initialization completed in 1447 ms
19:37:59.930 default [restartedMain] INFO  o.s.s.c.ThreadPoolTaskExecutor - Initializing ExecutorService 'applicationTaskExecutor'
19:38:00.039 default [restartedMain] WARN  o.t.templatemode.TemplateMode - [THYMELEAF][restartedMain] Template Mode 'LEGACYHTML5' is deprecated. Using Template Mode 'HTML' instead.
19:38:00.688 default [restartedMain] INFO  o.s.b.d.a.OptionalLiveReloadServer - LiveReload server is running on port 35729
19:38:00.838 default [restartedMain] INFO  o.a.coyote.http11.Http11NioProtocol - Starting ProtocolHandler ["http-nio-8080"]
19:38:00.921 default [restartedMain] INFO  o.s.b.w.e.tomcat.TomcatWebServer - Tomcat started on port(s): 8080 (http) with context path '/molablog'
19:38:01.056 default [restartedMain] INFO  o.s.b.w.e.tomcat.TomcatWebServer - Tomcat initialized with port(s): 9001 (http)
19:38:01.057 default [restartedMain] INFO  o.a.coyote.http11.Http11NioProtocol - Initializing ProtocolHandler ["http-nio-127.0.0.1-9001"]
19:38:01.060 default [restartedMain] INFO  o.a.catalina.core.StandardService - Starting service [Tomcat]
19:38:01.060 default [restartedMain] INFO  o.a.catalina.core.StandardEngine - Starting Servlet engine: [Apache Tomcat/9.0.19]
19:38:01.072 default [restartedMain] INFO  o.a.c.c.C.[Tomcat-1].[localhost].[/] - Initializing Spring embedded WebApplicationContext
19:38:01.073 default [restartedMain] INFO  o.s.web.context.ContextLoader - Root WebApplicationContext: initialization completed in 137 ms
19:38:01.137 default [restartedMain] INFO  o.s.b.a.e.web.EndpointLinksResolver - Exposing 16 endpoint(s) beneath base path '/actuator'
19:38:01.258 default [restartedMain] INFO  o.a.coyote.http11.Http11NioProtocol - Starting ProtocolHandler ["http-nio-127.0.0.1-9001"]
19:38:01.311 default [restartedMain] INFO  o.s.b.w.e.tomcat.TomcatWebServer - Tomcat started on port(s): 9001 (http) with context path ''
19:38:01.321 default [restartedMain] INFO  o.s.b.d.a.ConditionEvaluationDeltaLoggingListener - Condition evaluation unchanged
19:51:43.077 default [Thread-42] INFO  o.s.s.c.ThreadPoolTaskExecutor - Shutting down ExecutorService 'applicationTaskExecutor'
